Started Wed Nov  5 11:49:38 CET 2025
Total seqs 39185 in ../results/psicdhit_results/combined_all.fasta
..........100 finished 29 clusters 287 passed 29/287 clstr/passed 0.73% done 146.61 cpu
..........200 finished 70 clusters 521 passed 41/234 clstr/passed 1.32% done 201.2 cpu
..........300 finished 129 clusters 947 passed 59/426 clstr/passed 2.41% done 238.12 cpu
..........400 finished 170 clusters 1076 passed 41/129 clstr/passed 2.74% done 260.89 cpu
..........500 finished 204 clusters 1306 passed 34/230 clstr/passed 3.33% done 260.89 cpu
..........600 finished 273 clusters 1676 passed 69/370 clstr/passed 4.27% done 274.28 cpu
..........700 finished 315 clusters 2229 passed 42/553 clstr/passed 5.68% done 286 cpu
..........800 finished 354 clusters 2300 passed 39/71 clstr/passed 5.86% done 286 cpu
..........900 finished 391 clusters 2412 passed 37/112 clstr/passed 6.15% done 295.43 cpu
..........1000 finished 429 clusters 2566 passed 38/154 clstr/passed 6.54% done 295.43 cpu
..........1100 finished 460 clusters 2691 passed 31/125 clstr/passed 6.86% done 304.8 cpu
..........1200 finished 501 clusters 2826 passed 41/135 clstr/passed 7.21% done 304.81 cpu
..........1300 finished 540 clusters 2966 passed 39/140 clstr/passed 7.56% done 312.75 cpu
..........1400 finished 578 clusters 3030 passed 38/64 clstr/passed 7.73% done 317.67 cpu
..........1500 finished 639 clusters 3133 passed 61/103 clstr/passed 7.99% done 317.67 cpu
..........1600 finished 689 clusters 3334 passed 50/201 clstr/passed 8.5% done 321.36 cpu
..........1700 finished 743 clusters 3456 passed 54/122 clstr/passed 8.81% done 324.79 cpu
..........1800 finished 801 clusters 3580 passed 58/124 clstr/passed 9.13% done 324.79 cpu
..........1900 finished 849 clusters 3822 passed 48/242 clstr/passed 9.75% done 328.7 cpu
..........2000 finished 900 clusters 5125 passed 51/1303 clstr/passed 13.07% done 328.7 cpu
..........2100 finished 984 clusters 5898 passed 84/773 clstr/passed 15.05% done 330.59 cpu
..........2200 finished 1016 clusters 5950 passed 32/52 clstr/passed 15.18% done 333.58 cpu
..........2300 finished 1080 clusters 6038 passed 64/88 clstr/passed 15.4% done 333.59 cpu
..........2400 finished 1147 clusters 6300 passed 67/262 clstr/passed 16.07% done 336.03 cpu
..........2500 finished 1182 clusters 6356 passed 35/56 clstr/passed 16.22% done 336.03 cpu
..........2600 finished 1199 clusters 6385 passed 17/29 clstr/passed 16.29% done 339.19 cpu
..........2700 finished 1222 clusters 6440 passed 23/55 clstr/passed 16.43% done 339.19 cpu
..........2800 finished 1274 clusters 6570 passed 52/130 clstr/passed 16.76% done 341.08 cpu
..........2900 finished 1324 clusters 6648 passed 50/78 clstr/passed 16.96% done 341.08 cpu
..........3000 finished 1372 clusters 6827 passed 48/179 clstr/passed 17.42% done 343.79 cpu
..........3100 finished 1429 clusters 6995 passed 57/168 clstr/passed 17.85% done 343.79 cpu
..........3200 finished 1491 clusters 7154 passed 62/159 clstr/passed 18.25% done 346.18 cpu
..........3300 finished 1546 clusters 7245 passed 55/91 clstr/passed 18.48% done 348.49 cpu
..........3400 finished 1593 clusters 7320 passed 47/75 clstr/passed 18.68% done 348.49 cpu
..........3500 finished 1630 clusters 7378 passed 37/58 clstr/passed 18.82% done 350.77 cpu
..........3600 finished 1671 clusters 7490 passed 41/112 clstr/passed 19.11% done 350.77 cpu
..........3700 finished 1712 clusters 7623 passed 41/133 clstr/passed 19.45% done 350.77 cpu
..........3800 finished 1750 clusters 7690 passed 38/67 clstr/passed 19.62% done 353.4 cpu
..........3900 finished 1775 clusters 7726 passed 25/36 clstr/passed 19.71% done 353.4 cpu
..........4000 finished 1815 clusters 7791 passed 40/65 clstr/passed 19.88% done 353.68 cpu
..........4100 finished 1875 clusters 7913 passed 60/122 clstr/passed 20.19% done 355.37 cpu
..........4200 finished 1935 clusters 8034 passed 60/121 clstr/passed 20.5% done 357.08 cpu
..........4300 finished 1980 clusters 8145 passed 45/111 clstr/passed 20.78% done 357.08 cpu
..........4400 finished 2035 clusters 8393 passed 55/248 clstr/passed 21.41% done 358.76 cpu
..........4500 finished 2095 clusters 8496 passed 60/103 clstr/passed 21.68% done 361.19 cpu
..........4600 finished 2160 clusters 8609 passed 65/113 clstr/passed 21.97% done 361.2 cpu
..........4700 finished 2214 clusters 8919 passed 54/310 clstr/passed 22.76% done 362.6 cpu
..........4800 finished 2273 clusters 9015 passed 59/96 clstr/passed 23% done 364.02 cpu
..........4900 finished 2341 clusters 9377 passed 68/362 clstr/passed 23.93% done 364.02 cpu
..........5000 finished 2407 clusters 9547 passed 66/170 clstr/passed 24.36% done 365.26 cpu
..........5100 finished 2455 clusters 9760 passed 48/213 clstr/passed 24.9% done 366.48 cpu
..........5200 finished 2513 clusters 9858 passed 58/98 clstr/passed 25.15% done 366.48 cpu
..........5300 finished 2577 clusters 10066 passed 64/208 clstr/passed 25.68% done 367.66 cpu
..........5400 finished 2641 clusters 10373 passed 64/307 clstr/passed 26.47% done 369.05 cpu
..........5500 finished 2713 clusters 10559 passed 72/186 clstr/passed 26.94% done 370.52 cpu
..........5600 finished 2775 clusters 10669 passed 62/110 clstr/passed 27.22% done 370.53 cpu
..........5700 finished 2833 clusters 10764 passed 58/95 clstr/passed 27.46% done 372.13 cpu
..........5800 finished 2887 clusters 10916 passed 54/152 clstr/passed 27.85% done 373.4 cpu
..........5900 finished 2943 clusters 11038 passed 56/122 clstr/passed 28.16% done 373.4 cpu
..........6000 finished 3004 clusters 11152 passed 61/114 clstr/passed 28.45% done 375.47 cpu
..........6100 finished 3067 clusters 11414 passed 63/262 clstr/passed 29.12% done 376.58 cpu
..........6200 finished 3128 clusters 11557 passed 61/143 clstr/passed 29.49% done 376.58 cpu
..........6300 finished 3176 clusters 11644 passed 48/87 clstr/passed 29.71% done 377.9 cpu
..........6400 finished 3222 clusters 11712 passed 46/68 clstr/passed 29.88% done 377.9 cpu
..........6500 finished 3264 clusters 11904 passed 42/192 clstr/passed 30.37% done 379.02 cpu
..........6600 finished 3314 clusters 12036 passed 50/132 clstr/passed 30.71% done 379.02 cpu
..........6700 finished 3351 clusters 12154 passed 37/118 clstr/passed 31.01% done 380.75 cpu
..........6800 finished 3404 clusters 12262 passed 53/108 clstr/passed 31.29% done 382.06 cpu
..........6900 finished 3456 clusters 12400 passed 52/138 clstr/passed 31.64% done 382.06 cpu
..........7000 finished 3504 clusters 12489 passed 48/89 clstr/passed 31.87% done 383.76 cpu
..........7100 finished 3555 clusters 12607 passed 51/118 clstr/passed 32.17% done 383.76 cpu
..........7200 finished 3614 clusters 12778 passed 59/171 clstr/passed 32.6% done 384.87 cpu
..........7300 finished 3664 clusters 12945 passed 50/167 clstr/passed 33.03% done 386.21 cpu
..........7400 finished 3714 clusters 13069 passed 50/124 clstr/passed 33.35% done 386.21 cpu
..........7500 finished 3766 clusters 13180 passed 52/111 clstr/passed 33.63% done 387.64 cpu
..........7600 finished 3817 clusters 13296 passed 51/116 clstr/passed 33.93% done 387.64 cpu
..........7700 finished 3876 clusters 13392 passed 59/96 clstr/passed 34.17% done 389.15 cpu
..........7800 finished 3924 clusters 13487 passed 48/95 clstr/passed 34.41% done 390.91 cpu
..........7900 finished 3961 clusters 13674 passed 37/187 clstr/passed 34.89% done 391.16 cpu
..........8000 finished 4007 clusters 13739 passed 46/65 clstr/passed 35.06% done 391.16 cpu
..........8100 finished 4055 clusters 13840 passed 48/101 clstr/passed 35.31% done 392.33 cpu
..........8200 finished 4083 clusters 13896 passed 28/56 clstr/passed 35.46% done 393.38 cpu
..........8300 finished 4125 clusters 13953 passed 42/57 clstr/passed 35.6% done 393.38 cpu
..........8400 finished 4174 clusters 14074 passed 49/121 clstr/passed 35.91% done 394.88 cpu
..........8500 finished 4222 clusters 14193 passed 48/119 clstr/passed 36.22% done 394.88 cpu
..........8600 finished 4254 clusters 14269 passed 32/76 clstr/passed 36.41% done 395.83 cpu
..........8700 finished 4308 clusters 14390 passed 54/121 clstr/passed 36.72% done 395.83 cpu
..........8800 finished 4341 clusters 14483 passed 33/93 clstr/passed 36.96% done 395.83 cpu
..........8900 finished 4384 clusters 14591 passed 43/108 clstr/passed 37.23% done 397.87 cpu
..........9000 finished 4412 clusters 14792 passed 28/201 clstr/passed 37.74% done 397.87 cpu
..........9100 finished 4438 clusters 14912 passed 26/120 clstr/passed 38.05% done 398.95 cpu
..........9200 finished 4470 clusters 14967 passed 32/55 clstr/passed 38.19% done 398.95 cpu
..........9300 finished 4510 clusters 15023 passed 40/56 clstr/passed 38.33% done 398.95 cpu
..........9400 finished 4546 clusters 15120 passed 36/97 clstr/passed 38.58% done 399.94 cpu
..........9500 finished 4570 clusters 15186 passed 24/66 clstr/passed 38.75% done 399.94 cpu
..........9600 finished 4613 clusters 15258 passed 43/72 clstr/passed 38.93% done 399.94 cpu
..........9700 finished 4648 clusters 15365 passed 35/107 clstr/passed 39.21% done 400.84 cpu
..........9800 finished 4693 clusters 15458 passed 45/93 clstr/passed 39.44% done 400.85 cpu
..........9900 finished 4733 clusters 15513 passed 40/55 clstr/passed 39.58% done 401.68 cpu
..........10000 finished 4774 clusters 15582 passed 41/69 clstr/passed 39.76% done 401.68 cpu
..........10100 finished 4832 clusters 15684 passed 58/102 clstr/passed 40.02% done 402.9 cpu
..........10200 finished 4867 clusters 15776 passed 35/92 clstr/passed 40.26% done 402.9 cpu
..........10300 finished 4917 clusters 15915 passed 50/139 clstr/passed 40.61% done 404.51 cpu
..........10400 finished 4957 clusters 16043 passed 40/128 clstr/passed 40.94% done 405.5 cpu
..........10500 finished 4994 clusters 16104 passed 37/61 clstr/passed 41.09% done 405.51 cpu
..........10600 finished 5045 clusters 16242 passed 51/138 clstr/passed 41.44% done 405.51 cpu
..........10700 finished 5070 clusters 16293 passed 25/51 clstr/passed 41.57% done 406.73 cpu
..........10800 finished 5079 clusters 16310 passed 9/17 clstr/passed 41.62% done 406.73 cpu
..........10900 finished 5088 clusters 16323 passed 9/13 clstr/passed 41.65% done 406.73 cpu
..........11000 finished 5101 clusters 16357 passed 13/34 clstr/passed 41.74% done 406.73 cpu
..........11100 finished 5113 clusters 16411 passed 12/54 clstr/passed 41.88% done 406.73 cpu
..........11200 finished 5139 clusters 16486 passed 26/75 clstr/passed 42.07% done 407.57 cpu
..........11300 finished 5196 clusters 16605 passed 57/119 clstr/passed 42.37% done 407.57 cpu
..........11400 finished 5242 clusters 16695 passed 46/90 clstr/passed 42.6% done 408.55 cpu
..........11500 finished 5278 clusters 16755 passed 36/60 clstr/passed 42.75% done 408.55 cpu
..........11600 finished 5325 clusters 16914 passed 47/159 clstr/passed 43.16% done 409.55 cpu
..........11700 finished 5356 clusters 16966 passed 31/52 clstr/passed 43.29% done 409.55 cpu
..........11800 finished 5405 clusters 17039 passed 49/73 clstr/passed 43.48% done 410.32 cpu
..........11900 finished 5450 clusters 17134 passed 45/95 clstr/passed 43.72% done 410.32 cpu
..........12000 finished 5489 clusters 17234 passed 39/100 clstr/passed 43.98% done 411 cpu
..........12100 finished 5529 clusters 17338 passed 40/104 clstr/passed 44.24% done 411 cpu
..........12200 finished 5546 clusters 17364 passed 17/26 clstr/passed 44.31% done 411 cpu
..........12300 finished 5571 clusters 17404 passed 25/40 clstr/passed 44.41% done 411.78 cpu
..........12400 finished 5597 clusters 17465 passed 26/61 clstr/passed 44.57% done 411.78 cpu
..........12500 finished 5628 clusters 17534 passed 31/69 clstr/passed 44.74% done 411.78 cpu
..........12600 finished 5656 clusters 17587 passed 28/53 clstr/passed 44.88% done 412.54 cpu
..........12700 finished 5691 clusters 17646 passed 35/59 clstr/passed 45.03% done 412.54 cpu
..........12800 finished 5716 clusters 17703 passed 25/57 clstr/passed 45.17% done 412.54 cpu
..........12900 finished 5737 clusters 17733 passed 21/30 clstr/passed 45.25% done 413.17 cpu
..........13000 finished 5770 clusters 17784 passed 33/51 clstr/passed 45.38% done 413.17 cpu
..........13100 finished 5815 clusters 17888 passed 45/104 clstr/passed 45.65% done 413.17 cpu
..........13200 finished 5858 clusters 17981 passed 43/93 clstr/passed 45.88% done 413.94 cpu
..........13300 finished 5871 clusters 18000 passed 13/19 clstr/passed 45.93% done 413.94 cpu
..........13400 finished 5892 clusters 18042 passed 21/42 clstr/passed 46.04% done 413.94 cpu
..........13500 finished 5913 clusters 18126 passed 21/84 clstr/passed 46.25% done 414.7 cpu
..........13600 finished 5923 clusters 18143 passed 10/17 clstr/passed 46.3% done 414.7 cpu
..........13700 finished 5961 clusters 18212 passed 38/69 clstr/passed 46.47% done 414.7 cpu
..........13800 finished 5981 clusters 18257 passed 20/45 clstr/passed 46.59% done 414.7 cpu
..........13900 finished 6004 clusters 18309 passed 23/52 clstr/passed 46.72% done 415.24 cpu
..........14000 finished 6038 clusters 18368 passed 34/59 clstr/passed 46.87% done 415.24 cpu
..........14100 finished 6071 clusters 18415 passed 33/47 clstr/passed 46.99% done 415.24 cpu
..........14200 finished 6105 clusters 18476 passed 34/61 clstr/passed 47.15% done 415.89 cpu
..........14300 finished 6116 clusters 18492 passed 11/16 clstr/passed 47.19% done 415.89 cpu
..........14400 finished 6162 clusters 18566 passed 46/74 clstr/passed 47.38% done 416.48 cpu
..........14500 finished 6199 clusters 18647 passed 37/81 clstr/passed 47.58% done 416.48 cpu
..........14600 finished 6242 clusters 18727 passed 43/80 clstr/passed 47.79% done 417.11 cpu
..........14700 finished 6259 clusters 18746 passed 17/19 clstr/passed 47.83% done 417.11 cpu
..........14800 finished 6301 clusters 18836 passed 42/90 clstr/passed 48.06% done 417.11 cpu
..........14900 finished 6348 clusters 18923 passed 47/87 clstr/passed 48.29% done 417.68 cpu
..........15000 finished 6400 clusters 19023 passed 52/100 clstr/passed 48.54% done 417.68 cpu
..........15100 finished 6451 clusters 19103 passed 51/80 clstr/passed 48.75% done 418.36 cpu
..........15200 finished 6498 clusters 19178 passed 47/75 clstr/passed 48.94% done 418.36 cpu
..........15300 finished 6547 clusters 19282 passed 49/104 clstr/passed 49.2% done 418.97 cpu
..........15400 finished 6588 clusters 19354 passed 41/72 clstr/passed 49.39% done 418.97 cpu
..........15500 finished 6632 clusters 19423 passed 44/69 clstr/passed 49.56% done 419.63 cpu
..........15600 finished 6694 clusters 19582 passed 62/159 clstr/passed 49.97% done 420.25 cpu
..........15700 finished 6739 clusters 19674 passed 45/92 clstr/passed 50.2% done 420.45 cpu
..........15800 finished 6780 clusters 19774 passed 41/100 clstr/passed 50.46% done 420.95 cpu
..........15900 finished 6833 clusters 19852 passed 53/78 clstr/passed 50.66% done 420.95 cpu
..........16000 finished 6872 clusters 19938 passed 39/86 clstr/passed 50.88% done 421.43 cpu
..........16100 finished 6926 clusters 20021 passed 54/83 clstr/passed 51.09% done 421.43 cpu
..........16200 finished 6968 clusters 20083 passed 42/62 clstr/passed 51.25% done 422.01 cpu
..........16300 finished 7019 clusters 20237 passed 51/154 clstr/passed 51.64% done 422.02 cpu
..........16400 finished 7062 clusters 20462 passed 43/225 clstr/passed 52.21% done 422.59 cpu
..........16500 finished 7118 clusters 20541 passed 56/79 clstr/passed 52.42% done 422.59 cpu
..........16600 finished 7170 clusters 20623 passed 52/82 clstr/passed 52.62% done 423.1 cpu
..........16700 finished 7229 clusters 20753 passed 59/130 clstr/passed 52.96% done 423.63 cpu
..........16800 finished 7277 clusters 20815 passed 48/62 clstr/passed 53.11% done 423.63 cpu
..........16900 finished 7325 clusters 20906 passed 48/91 clstr/passed 53.35% done 424.15 cpu
..........17000 finished 7382 clusters 20987 passed 57/81 clstr/passed 53.55% done 424.16 cpu
..........17100 finished 7442 clusters 21069 passed 60/82 clstr/passed 53.76% done 424.61 cpu
..........17200 finished 7492 clusters 21148 passed 50/79 clstr/passed 53.96% done 425.11 cpu
..........17300 finished 7555 clusters 21252 passed 63/104 clstr/passed 54.23% done 425.11 cpu
..........17400 finished 7613 clusters 21324 passed 58/72 clstr/passed 54.41% done 425.63 cpu
..........17500 finished 7676 clusters 21414 passed 63/90 clstr/passed 54.64% done 426.09 cpu
..........17600 finished 7726 clusters 21484 passed 50/70 clstr/passed 54.82% done 426.09 cpu
..........17700 finished 7783 clusters 21620 passed 57/136 clstr/passed 55.17% done 426.61 cpu
..........17800 finished 7827 clusters 21686 passed 44/66 clstr/passed 55.34% done 426.61 cpu
..........17900 finished 7885 clusters 21796 passed 58/110 clstr/passed 55.62% done 427.11 cpu
..........18000 finished 7943 clusters 21883 passed 58/87 clstr/passed 55.84% done 427.56 cpu
..........18100 finished 7987 clusters 22017 passed 44/134 clstr/passed 56.18% done 427.56 cpu
..........18200 finished 8047 clusters 22093 passed 60/76 clstr/passed 56.38% done 428.13 cpu
..........18300 finished 8104 clusters 22183 passed 57/90 clstr/passed 56.61% done 428.13 cpu
..........18400 finished 8164 clusters 22301 passed 60/118 clstr/passed 56.91% done 428.77 cpu
..........18500 finished 8211 clusters 22380 passed 47/79 clstr/passed 57.11% done 429.17 cpu
..........18600 finished 8235 clusters 22434 passed 24/54 clstr/passed 57.25% done 429.17 cpu
..........18700 finished 8247 clusters 22448 passed 12/14 clstr/passed 57.28% done 429.17 cpu
..........18800 finished 8259 clusters 22475 passed 12/27 clstr/passed 57.35% done 429.17 cpu
..........18900 finished 8272 clusters 22495 passed 13/20 clstr/passed 57.4% done 429.17 cpu
..........19000 finished 8288 clusters 22516 passed 16/21 clstr/passed 57.46% done 429.56 cpu
..........19100 finished 8296 clusters 22525 passed 8/9 clstr/passed 57.48% done 429.56 cpu
..........19200 finished 8302 clusters 22561 passed 6/36 clstr/passed 57.57% done 429.56 cpu
..........19300 finished 8320 clusters 22581 passed 18/20 clstr/passed 57.62% done 429.56 cpu
..........19400 finished 8337 clusters 22616 passed 17/35 clstr/passed 57.71% done 429.56 cpu
..........19500 finished 8390 clusters 22684 passed 53/68 clstr/passed 57.88% done 429.97 cpu
..........19600 finished 8443 clusters 22854 passed 53/170 clstr/passed 58.32% done 430.14 cpu
..........19700 finished 8486 clusters 22934 passed 43/80 clstr/passed 58.52% done 430.63 cpu
..........19800 finished 8526 clusters 23008 passed 40/74 clstr/passed 58.71% done 430.63 cpu
..........19900 finished 8590 clusters 23150 passed 64/142 clstr/passed 59.07% done 430.99 cpu
..........20000 finished 8642 clusters 23214 passed 52/64 clstr/passed 59.24% done 430.99 cpu
..........20100 finished 8707 clusters 23399 passed 65/185 clstr/passed 59.71% done 431.48 cpu
..........20200 finished 8753 clusters 23449 passed 46/50 clstr/passed 59.84% done 431.89 cpu
..........20300 finished 8785 clusters 23520 passed 32/71 clstr/passed 60.02% done 431.89 cpu
..........20400 finished 8828 clusters 23591 passed 43/71 clstr/passed 60.2% done 432.32 cpu
..........20500 finished 8879 clusters 23663 passed 51/72 clstr/passed 60.38% done 432.33 cpu
..........20600 finished 8931 clusters 23791 passed 52/128 clstr/passed 60.71% done 432.74 cpu
..........20700 finished 8969 clusters 23854 passed 38/63 clstr/passed 60.87% done 432.74 cpu
..........20800 finished 9008 clusters 23939 passed 39/85 clstr/passed 61.09% done 432.74 cpu
..........20900 finished 9055 clusters 24026 passed 47/87 clstr/passed 61.31% done 433.14 cpu
..........21000 finished 9095 clusters 24086 passed 40/60 clstr/passed 61.46% done 433.14 cpu
..........21100 finished 9150 clusters 24174 passed 55/88 clstr/passed 61.69% done 433.58 cpu
..........21200 finished 9186 clusters 24274 passed 36/100 clstr/passed 61.94% done 433.58 cpu
..........21300 finished 9235 clusters 24357 passed 49/83 clstr/passed 62.15% done 434.03 cpu
..........21400 finished 9280 clusters 24430 passed 45/73 clstr/passed 62.34% done 434.58 cpu
..........21500 finished 9304 clusters 24570 passed 24/140 clstr/passed 62.7% done 434.59 cpu
..........21600 finished 9353 clusters 24631 passed 49/61 clstr/passed 62.85% done 434.97 cpu
..........21700 finished 9394 clusters 24682 passed 41/51 clstr/passed 62.98% done 434.97 cpu
..........21800 finished 9432 clusters 24751 passed 38/69 clstr/passed 63.16% done 434.97 cpu
..........21900 finished 9465 clusters 24801 passed 33/50 clstr/passed 63.29% done 435.45 cpu
..........22000 finished 9505 clusters 24906 passed 40/105 clstr/passed 63.56% done 435.46 cpu
..........22100 finished 9552 clusters 25005 passed 47/99 clstr/passed 63.81% done 435.82 cpu
..........22200 finished 9592 clusters 25165 passed 40/160 clstr/passed 64.22% done 435.82 cpu
..........22300 finished 9642 clusters 25272 passed 50/107 clstr/passed 64.49% done 436.38 cpu
..........22400 finished 9678 clusters 25335 passed 36/63 clstr/passed 64.65% done 436.38 cpu
..........22500 finished 9735 clusters 25473 passed 57/138 clstr/passed 65% done 436.68 cpu
..........22600 finished 9777 clusters 25566 passed 42/93 clstr/passed 65.24% done 436.68 cpu
..........22700 finished 9814 clusters 25639 passed 37/73 clstr/passed 65.43% done 436.98 cpu
..........22800 finished 9864 clusters 25711 passed 50/72 clstr/passed 65.61% done 436.98 cpu
..........22900 finished 9887 clusters 25748 passed 23/37 clstr/passed 65.7% done 437.34 cpu
..........23000 finished 9929 clusters 25844 passed 42/96 clstr/passed 65.95% done 437.35 cpu
..........23100 finished 9968 clusters 25923 passed 39/79 clstr/passed 66.15% done 437.68 cpu
..........23200 finished 10006 clusters 26045 passed 38/122 clstr/passed 66.46% done 437.68 cpu
..........23300 finished 10055 clusters 26146 passed 49/101 clstr/passed 66.72% done 438.14 cpu
..........23400 finished 10100 clusters 26223 passed 45/77 clstr/passed 66.92% done 438.14 cpu
..........23500 finished 10150 clusters 26337 passed 50/114 clstr/passed 67.21% done 438.42 cpu
..........23600 finished 10193 clusters 26414 passed 43/77 clstr/passed 67.4% done 438.55 cpu
..........23700 finished 10227 clusters 26554 passed 34/140 clstr/passed 67.76% done 439 cpu
..........23800 finished 10283 clusters 26652 passed 56/98 clstr/passed 68.01% done 439.4 cpu
..........23900 finished 10330 clusters 26800 passed 47/148 clstr/passed 68.39% done 439.4 cpu
..........24000 finished 10374 clusters 26864 passed 44/64 clstr/passed 68.55% done 439.74 cpu
..........24100 finished 10423 clusters 27026 passed 49/162 clstr/passed 68.97% done 439.74 cpu
..........24200 finished 10465 clusters 27080 passed 42/54 clstr/passed 69.1% done 440.03 cpu
..........24300 finished 10512 clusters 27164 passed 47/84 clstr/passed 69.32% done 440.03 cpu
..........24400 finished 10556 clusters 27278 passed 44/114 clstr/passed 69.61% done 440.34 cpu
..........24500 finished 10601 clusters 27342 passed 45/64 clstr/passed 69.77% done 440.34 cpu
..........24600 finished 10653 clusters 27458 passed 52/116 clstr/passed 70.07% done 440.65 cpu
..........24700 finished 10682 clusters 27585 passed 29/127 clstr/passed 70.39% done 440.66 cpu
..........24800 finished 10728 clusters 27642 passed 46/57 clstr/passed 70.54% done 440.94 cpu
..........24900 finished 10784 clusters 27715 passed 56/73 clstr/passed 70.72% done 441.3 cpu
..........25000 finished 10819 clusters 27849 passed 35/134 clstr/passed 71.07% done 441.3 cpu
..........25100 finished 10873 clusters 27924 passed 54/75 clstr/passed 71.26% done 441.6 cpu
..........25200 finished 10915 clusters 27979 passed 42/55 clstr/passed 71.4% done 441.6 cpu
..........25300 finished 10953 clusters 28075 passed 38/96 clstr/passed 71.64% done 441.6 cpu
..........25400 finished 11005 clusters 28138 passed 52/63 clstr/passed 71.8% done 441.93 cpu
..........25500 finished 11051 clusters 28209 passed 46/71 clstr/passed 71.98% done 442.22 cpu
..........25600 finished 11085 clusters 28285 passed 34/76 clstr/passed 72.18% done 442.22 cpu
..........25700 finished 11139 clusters 28376 passed 54/91 clstr/passed 72.41% done 442.98 cpu
..........25800 finished 11182 clusters 28562 passed 43/186 clstr/passed 72.89% done 442.98 cpu
..........25900 finished 11229 clusters 28639 passed 47/77 clstr/passed 73.08% done 443.22 cpu
..........26000 finished 11287 clusters 28722 passed 58/83 clstr/passed 73.29% done 443.22 cpu
..........26100 finished 11332 clusters 28930 passed 45/208 clstr/passed 73.82% done 444.17 cpu
..........26200 finished 11366 clusters 28978 passed 34/48 clstr/passed 73.95% done 444.5 cpu
..........26300 finished 11424 clusters 29060 passed 58/82 clstr/passed 74.16% done 444.5 cpu
..........26400 finished 11461 clusters 29230 passed 37/170 clstr/passed 74.59% done 444.95 cpu
..........26500 finished 11506 clusters 29317 passed 45/87 clstr/passed 74.81% done 444.95 cpu
..........26600 finished 11558 clusters 29405 passed 52/88 clstr/passed 75.04% done 445.3 cpu
..........26700 finished 11595 clusters 29511 passed 37/106 clstr/passed 75.31% done 445.3 cpu
..........26800 finished 11653 clusters 29580 passed 58/69 clstr/passed 75.48% done 445.6 cpu
..........26900 finished 11688 clusters 29642 passed 35/62 clstr/passed 75.64% done 445.6 cpu
..........27000 finished 11746 clusters 29713 passed 58/71 clstr/passed 75.82% done 445.83 cpu
..........27100 finished 11803 clusters 29793 passed 57/80 clstr/passed 76.03% done 446.31 cpu
..........27200 finished 11833 clusters 29973 passed 30/180 clstr/passed 76.49% done 446.31 cpu
..........27300 finished 11892 clusters 30088 passed 59/115 clstr/passed 76.78% done 446.66 cpu
..........27400 finished 11926 clusters 30160 passed 34/72 clstr/passed 76.96% done 446.66 cpu
..........27500 finished 11976 clusters 30260 passed 50/100 clstr/passed 77.22% done 447.03 cpu
..........27600 finished 12018 clusters 30306 passed 42/46 clstr/passed 77.34% done 447.04 cpu
..........27700 finished 12056 clusters 30404 passed 38/98 clstr/passed 77.59% done 447.28 cpu
..........27800 finished 12115 clusters 30473 passed 59/69 clstr/passed 77.76% done 447.28 cpu
..........27900 finished 12170 clusters 30655 passed 55/182 clstr/passed 78.23% done 447.67 cpu
..........28000 finished 12214 clusters 30712 passed 44/57 clstr/passed 78.37% done 447.67 cpu
..........28100 finished 12271 clusters 30787 passed 57/75 clstr/passed 78.56% done 447.94 cpu
..........28200 finished 12317 clusters 30877 passed 46/90 clstr/passed 78.79% done 448.17 cpu
..........28300 finished 12378 clusters 30968 passed 61/91 clstr/passed 79.03% done 448.18 cpu
..........28400 finished 12425 clusters 31025 passed 47/57 clstr/passed 79.17% done 448.51 cpu
..........28500 finished 12467 clusters 31144 passed 42/119 clstr/passed 79.47% done 448.51 cpu
..........28600 finished 12545 clusters 31281 passed 78/137 clstr/passed 79.82% done 448.73 cpu
..........28700 finished 12601 clusters 31403 passed 56/122 clstr/passed 80.14% done 449.01 cpu
..........28800 finished 12651 clusters 31569 passed 50/166 clstr/passed 80.56% done 449.13 cpu
..........28900 finished 12710 clusters 31657 passed 59/88 clstr/passed 80.78% done 449.46 cpu
..........29000 finished 12752 clusters 31749 passed 42/92 clstr/passed 81.02% done 449.46 cpu
..........29100 finished 12810 clusters 31828 passed 58/79 clstr/passed 81.22% done 449.66 cpu
..........29200 finished 12850 clusters 31909 passed 40/81 clstr/passed 81.43% done 449.91 cpu
..........29300 finished 12885 clusters 31968 passed 35/59 clstr/passed 81.58% done 449.91 cpu
..........29400 finished 12947 clusters 32047 passed 62/79 clstr/passed 81.78% done 450.14 cpu
..........29500 finished 12990 clusters 32126 passed 43/79 clstr/passed 81.98% done 450.14 cpu
..........29600 finished 13049 clusters 32218 passed 59/92 clstr/passed 82.22% done 450.34 cpu
..........29700 finished 13097 clusters 32274 passed 48/56 clstr/passed 82.36% done 450.35 cpu
..........29800 finished 13137 clusters 32342 passed 40/68 clstr/passed 82.53% done 450.58 cpu
..........29900 finished 13210 clusters 32436 passed 73/94 clstr/passed 82.77% done 450.83 cpu
..........30000 finished 13250 clusters 32531 passed 40/95 clstr/passed 83.01% done 450.83 cpu
..........30100 finished 13334 clusters 32636 passed 84/105 clstr/passed 83.28% done 451.14 cpu
..........30200 finished 13386 clusters 32703 passed 52/67 clstr/passed 83.45% done 451.35 cpu
..........30300 finished 13454 clusters 32782 passed 68/79 clstr/passed 83.65% done 451.35 cpu
..........30400 finished 13511 clusters 32878 passed 57/96 clstr/passed 83.9% done 451.54 cpu
..........30500 finished 13574 clusters 32956 passed 63/78 clstr/passed 84.1% done 451.77 cpu
..........30600 finished 13641 clusters 33093 passed 67/137 clstr/passed 84.45% done 451.77 cpu
..........30700 finished 13710 clusters 33183 passed 69/90 clstr/passed 84.68% done 451.98 cpu
..........30800 finished 13787 clusters 33276 passed 77/93 clstr/passed 84.92% done 452.18 cpu
..........30900 finished 13860 clusters 33383 passed 73/107 clstr/passed 85.19% done 452.46 cpu
..........31000 finished 13926 clusters 33458 passed 66/75 clstr/passed 85.38% done 452.46 cpu
..........31100 finished 14004 clusters 33564 passed 78/106 clstr/passed 85.65% done 452.66 cpu
..........31200 finished 14065 clusters 33639 passed 61/75 clstr/passed 85.84% done 452.85 cpu
..........31300 finished 14128 clusters 33713 passed 63/74 clstr/passed 86.03% done 453.03 cpu
..........31400 finished 14199 clusters 33793 passed 71/80 clstr/passed 86.23% done 453.13 cpu
..........31500 finished 14235 clusters 33841 passed 36/48 clstr/passed 86.36% done 453.32 cpu
..........31600 finished 14303 clusters 33918 passed 68/77 clstr/passed 86.55% done 453.51 cpu
..........31700 finished 14357 clusters 33985 passed 54/67 clstr/passed 86.72% done 453.51 cpu
..........31800 finished 14410 clusters 34066 passed 53/81 clstr/passed 86.93% done 453.72 cpu
..........31900 finished 14480 clusters 34153 passed 70/87 clstr/passed 87.15% done 453.9 cpu
..........32000 finished 14543 clusters 34240 passed 63/87 clstr/passed 87.38% done 453.9 cpu
..........32100 finished 14579 clusters 34286 passed 36/46 clstr/passed 87.49% done 454.09 cpu
..........32200 finished 14651 clusters 34372 passed 72/86 clstr/passed 87.71% done 454.19 cpu
..........32300 finished 14669 clusters 34443 passed 18/71 clstr/passed 87.89% done 454.54 cpu
..........32400 finished 14736 clusters 34540 passed 67/97 clstr/passed 88.14% done 454.73 cpu
..........32500 finished 14770 clusters 34584 passed 34/44 clstr/passed 88.25% done 454.74 cpu
..........32600 finished 14829 clusters 34655 passed 59/71 clstr/passed 88.43% done 454.98 cpu
..........32700 finished 14857 clusters 34712 passed 28/57 clstr/passed 88.58% done 454.98 cpu
..........32800 finished 14902 clusters 34766 passed 45/54 clstr/passed 88.72% done 455.16 cpu
..........32900 finished 14943 clusters 34819 passed 41/53 clstr/passed 88.85% done 455.16 cpu
..........33000 finished 14993 clusters 34881 passed 50/62 clstr/passed 89.01% done 455.34 cpu
..........33100 finished 15061 clusters 34959 passed 68/78 clstr/passed 89.21% done 455.34 cpu
..........33200 finished 15106 clusters 35022 passed 45/63 clstr/passed 89.37% done 455.66 cpu
..........33300 finished 15150 clusters 35077 passed 44/55 clstr/passed 89.51% done 455.86 cpu
..........33400 finished 15190 clusters 35128 passed 40/51 clstr/passed 89.64% done 455.86 cpu
..........33500 finished 15237 clusters 35190 passed 47/62 clstr/passed 89.8% done 455.86 cpu
..........33600 finished 15294 clusters 35270 passed 57/80 clstr/passed 90% done 456.06 cpu
..........33700 finished 15335 clusters 35331 passed 41/61 clstr/passed 90.16% done 456.32 cpu
..........33800 finished 15369 clusters 35424 passed 34/93 clstr/passed 90.4% done 456.32 cpu
..........33900 finished 15392 clusters 35449 passed 23/25 clstr/passed 90.46% done 456.32 cpu
..........34000 finished 15423 clusters 35497 passed 31/48 clstr/passed 90.58% done 456.52 cpu
..........34100 finished 15453 clusters 35536 passed 30/39 clstr/passed 90.68% done 456.52 cpu
..........34200 finished 15495 clusters 35598 passed 42/62 clstr/passed 90.84% done 456.72 cpu
..........34300 finished 15533 clusters 35642 passed 38/44 clstr/passed 90.95% done 456.81 cpu
..........34400 finished 15573 clusters 35699 passed 40/57 clstr/passed 91.1% done 456.81 cpu
..........34500 finished 15616 clusters 35759 passed 43/60 clstr/passed 91.25% done 457.04 cpu
..........34600 finished 15644 clusters 35802 passed 28/43 clstr/passed 91.36% done 457.04 cpu
..........34700 finished 15667 clusters 35832 passed 23/30 clstr/passed 91.44% done 457.31 cpu
..........34800 finished 15727 clusters 35918 passed 60/86 clstr/passed 91.66% done 457.31 cpu
..........34900 finished 15772 clusters 36005 passed 45/87 clstr/passed 91.88% done 457.5 cpu
..........35000 finished 15819 clusters 36068 passed 47/63 clstr/passed 92.04% done 457.51 cpu
..........35100 finished 15856 clusters 36126 passed 37/58 clstr/passed 92.19% done 457.83 cpu
..........35200 finished 15901 clusters 36219 passed 45/93 clstr/passed 92.43% done 457.83 cpu
..........35300 finished 15916 clusters 36245 passed 15/26 clstr/passed 92.49% done 458.16 cpu
..........35400 finished 15954 clusters 36298 passed 38/53 clstr/passed 92.63% done 458.16 cpu
..........35500 finished 15982 clusters 36347 passed 28/49 clstr/passed 92.75% done 458.16 cpu
..........35600 finished 16018 clusters 36394 passed 36/47 clstr/passed 92.87% done 458.38 cpu
..........35700 finished 16065 clusters 36462 passed 47/68 clstr/passed 93.05% done 458.38 cpu
..........35800 finished 16096 clusters 36504 passed 31/42 clstr/passed 93.15% done 458.59 cpu
..........35900 finished 16139 clusters 36576 passed 43/72 clstr/passed 93.34% done 458.59 cpu
..........36000 finished 16181 clusters 36637 passed 42/61 clstr/passed 93.49% done 458.79 cpu
..........36100 finished 16230 clusters 36710 passed 49/73 clstr/passed 93.68% done 459.06 cpu
..........36200 finished 16274 clusters 36792 passed 44/82 clstr/passed 93.89% done 459.06 cpu
..........36300 finished 16305 clusters 36835 passed 31/43 clstr/passed 94% done 459.06 cpu
..........36400 finished 16358 clusters 36907 passed 53/72 clstr/passed 94.18% done 459.42 cpu
..........36500 finished 16374 clusters 36959 passed 16/52 clstr/passed 94.31% done 459.42 cpu
..........36600 finished 16393 clusters 36984 passed 19/25 clstr/passed 94.38% done 459.63 cpu
..........36700 finished 16441 clusters 37062 passed 48/78 clstr/passed 94.58% done 459.69 cpu
..........36800 finished 16473 clusters 37106 passed 32/44 clstr/passed 94.69% done 459.87 cpu
..........36900 finished 16526 clusters 37189 passed 53/83 clstr/passed 94.9% done 459.87 cpu
..........37000 finished 16568 clusters 37248 passed 42/59 clstr/passed 95.05% done 460.09 cpu
..........37100 finished 16621 clusters 37355 passed 53/107 clstr/passed 95.32% done 460.3 cpu
..........37200 finished 16667 clusters 37440 passed 46/85 clstr/passed 95.54% done 460.36 cpu
..........37300 finished 16716 clusters 37513 passed 49/73 clstr/passed 95.73% done 460.57 cpu
..........37400 finished 16766 clusters 37575 passed 50/62 clstr/passed 95.89% done 460.57 cpu
..........37500 finished 16831 clusters 37662 passed 65/87 clstr/passed 96.11% done 460.81 cpu
..........37600 finished 16875 clusters 37721 passed 44/59 clstr/passed 96.26% done 460.98 cpu
..........37700 finished 16929 clusters 37799 passed 54/78 clstr/passed 96.46% done 460.98 cpu
..........37800 finished 16998 clusters 37890 passed 69/91 clstr/passed 96.69% done 461.23 cpu
..........37900 finished 17063 clusters 37969 passed 65/79 clstr/passed 96.89% done 461.46 cpu
..........38000 finished 17134 clusters 38052 passed 71/83 clstr/passed 97.1% done 461.46 cpu
..........38100 finished 17201 clusters 38128 passed 67/76 clstr/passed 97.3% done 461.68 cpu
..........38200 finished 17283 clusters 38222 passed 82/94 clstr/passed 97.54% done 461.91 cpu
..........38300 finished 17362 clusters 38306 passed 79/84 clstr/passed 97.75% done 462.14 cpu
..........38400 finished 17457 clusters 38403 passed 95/97 clstr/passed 98% done 462.35 cpu
..........38500 finished 17552 clusters 38503 passed 95/100 clstr/passed 98.25% done 462.58 cpu
..........38600 finished 17652 clusters 38604 passed 100/101 clstr/passed 98.51% done 462.84 cpu
..........38700 finished 17746 clusters 38700 passed 94/96 clstr/passed 98.76% done 463.11 cpu
..........38800 finished 17846 clusters 38800 passed 100/100 clstr/passed 99.01% done 463.37 cpu
..........38900 finished 17946 clusters 38900 passed 100/100 clstr/passed 99.27% done 463.69 cpu
..........39000 finished 18045 clusters 39000 passed 99/100 clstr/passed 99.52% done 464.05 cpu
..........39100 finished 18145 clusters 39100 passed 100/100 clstr/passed 99.78% done 464.61 cpu
........39185 finished 18230 clusters 39185 passed 85/85 clstr/passed 100% done 465.93 cpu
Completed Wed Nov  5 11:59:17 CET 2025

Total CPUs on remote hosts: 0
